[20:19:26] [ServerMain/INFO]: Environment: Environment[sessionHost=https://sessionserver.mojang.com, servicesHost=https://api.minecraftservices.com, profilesHost=https://api.mojang.com, name=PROD]
[20:19:29] [ServerMain/INFO]: Loaded 1461 recipes
[20:19:29] [ServerMain/INFO]: Loaded 1574 advancements
[20:19:29] [Server thread/INFO]: Starting minecraft server version 1.21.10
[20:19:29] [Server thread/INFO]: Loading properties
[20:19:29] [Server thread/INFO]: Default game type: SURVIVAL
[20:19:29] [Server thread/INFO]: Generating keypair
[20:19:29] [Server thread/INFO]: Starting Minecraft server on *:25565
[20:19:29] [Server thread/INFO]: Using epoll channel type
[20:19:29] [Server thread/WARN]: **** SERVER IS RUNNING IN OFFLINE/INSECURE MODE!
[20:19:29] [Server thread/WARN]: The server will make no attempt to authenticate usernames. Beware.
[20:19:29] [Server thread/WARN]: While this makes the game possible to play without internet access, it also opens up the ability for hackers to connect with any username they choose.
[20:19:29] [Server thread/WARN]: To change this, set "online-mode" to "true" in the server.properties file.
[20:19:29] [Server thread/INFO]: Preparing level "world"
[20:19:30] [Server thread/INFO]: Loading 0 persistent chunks...
[20:19:30] [Server thread/INFO]: Preparing spawn area: 100%
[20:19:30] [Server thread/INFO]: Time elapsed: 15 ms
[20:19:30] [Server thread/INFO]: Done (0.449s)! For help, type "help"
[20:19:44] [Server thread/INFO]: juanp123[/127.115.214.48:38361] logged in with entity id 94 at (-6.5, 99.0, -0.5)
[20:19:44] [Server thread/INFO]: juanp123 joined the game
[20:20:23] [Server thread/INFO]: juanp123 lost connection: Disconnected
[20:20:23] [Server thread/INFO]: juanp123 left the game
[20:21:23] [Server thread/INFO]: Server empty for 60 seconds, pausing
[20:26:39] [Server thread/INFO]: juanp123[/127.115.214.48:48405] logged in with entity id 453 at (-1.300000011920929, 100.0, 7.008796761548711)
[20:26:39] [Server thread/INFO]: juanp123 joined the game
[20:30:04] [Server thread/INFO]: Made Sebas23m a server operator
[20:30:23] [Server thread/INFO]: Sebas23m (05baa57d-e0e2-3245-950d-ef017ffd725d) lost connection: Disconnected
[20:30:34] [Server thread/INFO]: Sebas23m[/127.4.29.224:55759] logged in with entity id 1196 at (7.774146841522409, 108.0, -0.7153274140714436)
[20:30:34] [Server thread/INFO]: Sebas23m joined the game
[20:31:25] [Server thread/INFO]: [Sebas23m: The difficulty has been set to Hard]
[20:34:44] [Server thread/INFO]: Sebas23m has made the advancement [Stone Age]
[20:34:55] [Server thread/INFO]: juanp123 has made the advancement [Stone Age]
[20:34:59] [Server thread/INFO]: juanp123 has made the advancement [Getting an Upgrade]
[20:35:11] [Server thread/INFO]: juanp123 was slain by Zombie
[20:35:26] [Server thread/INFO]: juanp123 fell from a high place
[20:35:34] [Server thread/WARN]: Mismatch in destroy block pos: ja{x=0, y=0, z=0} ja{x=5, y=100, z=14}
[20:37:45] [Server thread/INFO]: Sebas23m has made the advancement [Monster Hunter]
[20:37:54] [Server thread/INFO]: juanp123 was slain by Zombie
[20:38:12] [Server thread/INFO]: Sebas23m was slain by Zombie
[20:38:26] [Server thread/INFO]: [Sebas23m: Made juanp123 a server operator]
[20:38:29] [Server thread/INFO]: [Not Secure] <juanp123> keepinventory true
[20:40:23] [Server thread/INFO]: [Sebas23m: Gamerule keepInventory is now set to: true]
[20:41:20] [Server thread/INFO]: Sebas23m was slain by Zombie
[20:42:43] [Server thread/INFO]: juanp123 was blown up by Creeper
[20:45:53] [Server thread/INFO]: Sebas23m has made the advancement [Getting an Upgrade]
[20:46:41] [Server thread/INFO]: juanp123 lost connection: Timed out
[20:46:41] [Server thread/INFO]: juanp123 left the game
[20:46:41] [Server thread/WARN]: handleDisconnection() called twice
[20:48:40] [Server thread/INFO]: Sebas23m was slain by Zombie
[20:51:36] [Server thread/INFO]: juanp123[/127.115.214.48:47641] logged in with entity id 9547 at (-280.0081874740698, 101.0, -0.30000001192092896)
[20:51:36] [Server thread/INFO]: juanp123 joined the game
[20:51:42] [Server thread/INFO]: [Sebas23m: Teleported juanp123 to Sebas23m]
[20:52:26] [Server thread/INFO]: Sebas23m was shot by Skeleton
[20:52:43] [Server thread/INFO]: [Sebas23m: Teleported Sebas23m to juanp123]
[20:53:38] [Server thread/INFO]: juanp123 has made the advancement [Monster Hunter]
[20:54:13] [Server thread/INFO]: juanp123 was shot by Skeleton
[20:54:30] [Server thread/INFO]: [Sebas23m: Teleported juanp123 to Sebas23m]
[20:54:35] [Server thread/INFO]: [Not Secure] <juanp123> afk
[20:55:18] [Server thread/INFO]: juanp123 lost connection: Disconnected
[20:55:18] [Server thread/INFO]: juanp123 left the game
[20:56:07] [Server thread/INFO]: Sebas23m was slain by Enderman
[20:56:20] [Server thread/INFO]: [Sebas23m: Teleported Sebas23m to 180.000000, 73.000000, -227.000000]
[20:56:55] [Server thread/INFO]: Locating element minecraft:village_plains took 1395 ms
[20:58:37] [Server thread/INFO]: Sebas23m has made the advancement [Minecraft: Trial(s) Edition]
[21:04:10] [Server thread/INFO]: Sebas23m has made the advancement [Acquire Hardware]
[21:04:37] [Server thread/INFO]: Sebas23m has made the advancement [Isn't It Iron Pick]
[21:05:26] [Server thread/INFO]: Sebas23m has made the advancement [Not Today, Thank You]
[21:09:30] [Server thread/INFO]: Sebas23m was shot by Skeleton
[21:14:49] [Server thread/INFO]: Sebas23m has made the advancement [Diamonds!]
[21:15:21] [Server thread/INFO]: Sebas23m lost connection: Disconnected
[21:15:21] [Server thread/INFO]: Sebas23m left the game
[21:15:43] [Server thread/INFO]: Stopping the server
[21:15:43] [Server thread/INFO]: Stopping server
[21:15:43] [Server thread/INFO]: Saving players
[21:15:43] [Server thread/INFO]: Saving worlds
[21:15:43] [Server thread/INFO]: Saving chunks for level 'ServerLevel[world]'/minecraft:overworld
[21:15:43] [Server thread/INFO]: Saving chunks for level 'ServerLevel[world]'/minecraft:the_nether
[21:15:43] [Server thread/INFO]: Saving chunks for level 'ServerLevel[world]'/minecraft:the_end
[21:15:43] [Server thread/INFO]: ThreadedAnvilChunkStorage (world): All chunks are saved
[21:15:43] [Server thread/INFO]: ThreadedAnvilChunkStorage (DIM-1): All chunks are saved
[21:15:43] [Server thread/INFO]: ThreadedAnvilChunkStorage (DIM1): All chunks are saved
[21:15:43] [Server thread/INFO]: ThreadedAnvilChunkStorage: All dimensions are saved
